<?xml version="1.0" encoding="UTF-8"?>
<!-- Generated by org.testng.reporters.JUnitXMLReporter -->
<testsuite hostname="SANDIP" ignored="1" name="Regression suite 1" tests="2" failures="1" timestamp="22 Jun 2018 01:33:41 GMT" time="35.614" errors="0">
  <testcase name="flightLinkCheck" time="0.021" classname="com.Test_Scripts.FlightTest">
    <failure type="java.lang.AssertionError" message="expected [true] but found [false]">
      <![CDATA[java.lang.AssertionError: expected [true] but found [false]
at com.Test_Scripts.FlightTest.flightLinkCheck(FlightTest.java:14)
... Removed 29 stack frames]]>
    </failure>
  </testcase> <!-- flightLinkCheck -->
  <testcase name="hotelClickCheck" time="1.624" classname="com.Test_Scripts.HotelTest"/>
  <testcase name="userLoginValidation" time="0.0" classname="com.Test_Scripts.SignOnTest">
    <ignored/>
  </testcase> <!-- userLoginValidation -->
</testsuite> <!-- Regression suite 1 -->
